2023-08-04 14:03:27 INFO  Imagine Diagnostics Suit:13 - Application is open
2023-08-04 14:03:30 INFO  Imagine Diagnostics Suit:16 - Username and Password entered
2023-08-04 14:03:35 INFO  Imagine Diagnostics Suit:19 - Patient added successfully
2023-08-04 14:15:13 INFO  Imagine Diagnostics Suit:12 - Hitted Application URl
2023-08-04 14:15:15 INFO  Imagine Diagnostics Suit:15 - Username and Password entered
2023-08-04 14:15:21 INFO  Imagine Diagnostics Suit:18 - Patient added successfully
2023-08-04 14:54:47 INFO  Imagine Diagnostics Suit:12 - Hitted Application URl
2023-08-04 14:54:49 INFO  Imagine Diagnostics Suit:15 - Username and Password entered
2023-08-04 14:54:55 INFO  Imagine Diagnostics Suit:18 - Patient added successfully
2023-08-04 14:56:00 INFO  Imagine Diagnostics Suit:12 - Hitted Application URl
2023-08-04 14:56:08 INFO  Imagine Diagnostics Suit:15 - Username and Password entered
2023-08-04 14:56:16 INFO  Imagine Diagnostics Suit:18 - Patient added successfully
2023-08-04 14:57:05 INFO  Imagine Diagnostics Suit:12 - Hitted Application URl
2023-08-04 14:57:07 INFO  Imagine Diagnostics Suit:15 - Username and Password entered
2023-08-04 14:57:12 INFO  Imagine Diagnostics Suit:18 - Patient added successfully
2023-08-04 15:14:37 INFO  Imagine Diagnostics Suit:12 - Hitted Application URl
2023-08-04 15:14:39 INFO  Imagine Diagnostics Suit:15 - Username and Password entered
2023-08-04 15:14:44 INFO  Imagine Diagnostics Suit:18 - Patient added successfully
2023-08-04 15:14:44 ERROR Imagine Diagnostics Suit:19 - File transfer error
2023-08-04 16:21:04 INFO  Imagine Diagnostics Suit:12 - Hitted Application URl
2023-08-04 16:21:06 INFO  Imagine Diagnostics Suit:15 - Username and Password entered
2023-08-04 16:21:12 ERROR Imagine Diagnostics Suit:18 - Patient added successfully
2023-08-04 16:21:12 ERROR Imagine Diagnostics Suit:19 - File transfer error
2023-08-04 17:53:42 INFO  Imagine Diagnostics Suit:12 - Hitted Application URl
2023-08-04 17:53:44 INFO  Imagine Diagnostics Suit:15 - Username and Password entered
2023-08-04 17:53:50 INFO  Imagine Diagnostics Suit:18 - Patient added successfully
2023-08-04 18:18:48 INFO  Imagine Diagnostics Suit:12 - Hitted Application URl
2023-08-04 18:18:50 INFO  Imagine Diagnostics Suit:15 - Username and Password entered
2023-08-04 18:18:56 INFO  Imagine Diagnostics Suit:18 - Patient added successfully
2023-08-04 18:20:16 INFO  Imagine Diagnostics Suit:12 - Hitted Application URl
2023-08-04 18:20:18 INFO  Imagine Diagnostics Suit:15 - Username and Password entered
2023-08-04 18:20:24 INFO  Imagine Diagnostics Suit:18 - Patient added successfully
2023-08-04 18:26:55 INFO  Imagine Diagnostics Suit:12 - Hitted Application URl
2023-08-04 18:26:57 INFO  Imagine Diagnostics Suit:15 - Username and Password entered
2023-08-04 18:27:03 INFO  Imagine Diagnostics Suit:18 - Patient added successfully
2023-08-04 18:34:20 INFO  Imagine Diagnostics Suit:12 - Hitted Application URl
2023-08-04 18:34:23 INFO  Imagine Diagnostics Suit:15 - Username and Password entered
2023-08-04 18:53:58 INFO  Imagine Diagnostics Suit:12 - Hitted Application URl
2023-08-04 18:54:01 INFO  Imagine Diagnostics Suit:15 - Username and Password entered
2023-08-07 15:04:59 INFO  Imagine Diagnostics Suit:12 - Hitted Application URl
2023-08-07 15:05:02 INFO  Imagine Diagnostics Suit:15 - Username and Password entered
2023-08-07 15:05:08 INFO  Imagine Diagnostics Suit:18 - Patient added successfully
2023-08-07 15:38:25 INFO  Imagine Diagnostics Suit:12 - Hitted Application URl
2023-08-07 15:38:28 INFO  Imagine Diagnostics Suit:15 - Username and Password entered
2023-08-07 15:38:33 INFO  Imagine Diagnostics Suit:18 - Patient added successfully
2023-08-07 15:58:00 INFO  Imagine Diagnostics Suit:12 - Hitted Application URl
2023-08-07 15:58:03 INFO  Imagine Diagnostics Suit:16 - Username and Password entered
2023-08-07 15:58:09 INFO  Imagine Diagnostics Suit:19 - Patient added successfully
2023-08-07 17:40:54 INFO  Imagine Diagnostics Suit:15 - Hitted Application URl
2023-08-07 17:40:58 INFO  Imagine Diagnostics Suit:104 - Screenshot Taken
2023-08-07 17:40:58 INFO  Imagine Diagnostics Suit:19 - Username and Password entered
2023-08-07 17:41:04 INFO  Imagine Diagnostics Suit:22 - Patient added successfully
2023-08-07 17:47:45 INFO  Imagine Diagnostics Suit:15 - Hitted Application URl
2023-08-07 17:47:48 INFO  Imagine Diagnostics Suit:101 - Screenshot Taken
2023-08-07 17:47:48 INFO  Imagine Diagnostics Suit:19 - Username and Password entered
2023-08-07 17:47:54 INFO  Imagine Diagnostics Suit:22 - Patient added successfully
2023-08-07 18:14:21 INFO  Imagine Diagnostics Suit:13 - Hitted Application URl
2023-08-07 18:14:26 INFO  Imagine Diagnostics Suit:110 - Screenshot Taken
2023-08-07 18:14:26 INFO  Imagine Diagnostics Suit:17 - Username and Password entered
2023-08-07 18:14:32 INFO  Imagine Diagnostics Suit:20 - Patient added successfully
2023-08-07 18:21:21 INFO  Imagine Diagnostics Suit:13 - Hitted Application URl
2023-08-07 18:21:25 INFO  Imagine Diagnostics Suit:110 - Screenshot Taken
2023-08-07 18:21:25 INFO  Imagine Diagnostics Suit:17 - Username and Password entered
2023-08-07 18:21:31 INFO  Imagine Diagnostics Suit:20 - Patient added successfully
2023-08-07 18:35:52 INFO  Imagine Diagnostics Suit:14 - Hitted Application URl
2023-08-07 18:35:55 INFO  Imagine Diagnostics Suit:110 - Screenshot Taken
2023-08-07 18:35:55 INFO  Imagine Diagnostics Suit:18 - Username and Password entered
2023-08-07 18:36:01 INFO  Imagine Diagnostics Suit:21 - Patient added successfully
2023-08-07 18:50:45 INFO  Imagine Diagnostics Suit:14 - Hitted Application URl
2023-08-07 18:50:48 INFO  Imagine Diagnostics Suit:110 - Screenshot Taken
2023-08-07 18:50:48 INFO  Imagine Diagnostics Suit:18 - Username and Password entered
2023-08-07 18:50:53 INFO  Imagine Diagnostics Suit:21 - Patient added successfully
2023-08-08 10:16:21 INFO  Imagine Diagnostics Suit:14 - Hitted Application URl
2023-08-08 10:16:25 INFO  Imagine Diagnostics Suit:110 - Screenshot Taken
2023-08-08 10:16:25 INFO  Imagine Diagnostics Suit:18 - Username and Password entered
2023-08-08 10:16:32 INFO  Imagine Diagnostics Suit:21 - Patient added successfully
2023-08-08 10:22:33 INFO  Imagine Diagnostics Suit:14 - Hitted Application URl
2023-08-08 10:22:36 INFO  Imagine Diagnostics Suit:110 - Screenshot Taken
2023-08-08 10:22:36 INFO  Imagine Diagnostics Suit:18 - Username and Password entered
2023-08-08 10:25:12 INFO  Imagine Diagnostics Suit:14 - Hitted Application URl
2023-08-08 10:25:15 INFO  Imagine Diagnostics Suit:110 - Screenshot Taken
2023-08-08 10:25:15 INFO  Imagine Diagnostics Suit:18 - Username and Password entered
2023-08-08 10:25:29 INFO  Imagine Diagnostics Suit:21 - Patient added successfully
2023-08-08 10:30:41 INFO  Imagine Diagnostics Suit:14 - Hitted Application URl
2023-08-08 10:30:44 INFO  Imagine Diagnostics Suit:110 - Screenshot Taken
2023-08-08 10:30:44 INFO  Imagine Diagnostics Suit:18 - Username and Password entered
2023-08-08 10:31:00 INFO  Imagine Diagnostics Suit:21 - Patient added successfully
